[debug] [2018-07-16T21:17:07.876Z] ----------------------------------------------------------------------
[debug] [2018-07-16T21:17:07.878Z] Command:       /home/ec2-user/.nvm/versions/node/v6.14.2/bin/node /home/ec2-user/.nvm/versions/node/v6.14.2/bin/firebase serve --host 0.0.0.0 -p 8080
[debug] [2018-07-16T21:17:07.879Z] CLI Version:   3.19.3
[debug] [2018-07-16T21:17:07.879Z] Platform:      linux
[debug] [2018-07-16T21:17:07.879Z] Node Version:  v6.14.2
[debug] [2018-07-16T21:17:07.879Z] Time:          Mon Jul 16 2018 21:17:07 GMT+0000 (UTC)
[debug] [2018-07-16T21:17:07.879Z] ----------------------------------------------------------------------
[debug] 
[debug] [2018-07-16T21:17:07.891Z] > command requires scopes: ["email","openid","https://www.googleapis.com/auth/cloudplatformprojects.readonly","https://www.googleapis.com/auth/firebase","https://www.googleapis.com/auth/cloud-platform"]
[debug] [2018-07-16T21:17:07.892Z] > authorizing via signed-in user
[debug] [2018-07-16T21:17:07.894Z] >>> HTTP REQUEST GET https://admin.firebase.com/v1/projects/nochat-c4f7d  
  
 Mon Jul 16 2018 21:17:07 GMT+0000 (UTC)
[debug] [2018-07-16T21:17:08.364Z] <<< HTTP RESPONSE 200
[debug] [2018-07-16T21:17:08.365Z] >>> HTTP REQUEST GET https://admin.firebase.com/v1/database/nochat-c4f7d/tokens  
  
 Mon Jul 16 2018 21:17:08 GMT+0000 (UTC)
[debug] [2018-07-16T21:17:08.705Z] <<< HTTP RESPONSE 200
[debug] [2018-07-16T21:17:08.706Z] >>> HTTP REQUEST GET https://cloudresourcemanager.googleapis.com/v1/projects/nochat-c4f7d  
  
 Mon Jul 16 2018 21:17:08 GMT+0000 (UTC)
[debug] [2018-07-16T21:17:08.919Z] <<< HTTP RESPONSE 200
[info] 
[info] === Serving from '/home/ec2-user/environment/nochat'...
[info] 
[info] i  functions: Preparing to emulate functions.
[debug] [2018-07-16T21:17:09.474Z] Fetching environment
[debug] [2018-07-16T21:17:09.477Z] >>> HTTP REQUEST GET https://mobilesdk-pa.googleapis.com/v1/projects/873325420286:getServerAppConfig  
  
 Mon Jul 16 2018 21:17:09 GMT+0000 (UTC)
[debug] [2018-07-16T21:17:09.477Z] >>> HTTP REQUEST GET https://mobilesdk-pa.googleapis.com/v1/projects/873325420286/clients/_:getWebAppConfig  
  
 Mon Jul 16 2018 21:17:09 GMT+0000 (UTC)
[debug] [2018-07-16T21:17:09.878Z] <<< HTTP RESPONSE 200
[info] i  hosting: Serving hosting files from: public
[info] ✔  hosting: Local server: http://0.0.0.0:8080

[debug] [2018-07-16T21:17:10.042Z] <<< HTTP RESPONSE 200
[debug] [2018-07-16T21:17:10.043Z] Starting @google-cloud/functions-emulator
[debug] [2018-07-16T21:17:11.563Z] Parsing function triggers
[info] ✔  functions: helloWorld: http://0.0.0.0:8081/nochat-c4f7d/us-central1/helloWorld
[info] ✔  functions: csvToJson: http://0.0.0.0:8081/nochat-c4f7d/us-central1/csvToJson
[debug] [2018-07-16T22:22:27.150Z] ----------------------------------------------------------------------
[debug] [2018-07-16T22:22:27.152Z] Command:       /usr/local/bin/node /usr/local/bin/firebase serve --only hosting
[debug] [2018-07-16T22:22:27.152Z] CLI Version:   3.17.3
[debug] [2018-07-16T22:22:27.152Z] Platform:      darwin
[debug] [2018-07-16T22:22:27.152Z] Node Version:  v8.9.4
[debug] [2018-07-16T22:22:27.153Z] Time:          Mon Jul 16 2018 16:22:27 GMT-0600 (MDT)
[debug] [2018-07-16T22:22:27.153Z] ----------------------------------------------------------------------
[debug] 
[debug] [2018-07-16T22:22:27.170Z] > command requires scopes: ["email","openid","https://www.googleapis.com/auth/cloudplatformprojects.readonly","https://www.googleapis.com/auth/firebase","https://www.googleapis.com/auth/cloud-platform"]
[debug] [2018-07-16T22:22:27.170Z] > authorizing via signed-in user
[debug] [2018-07-16T22:22:27.172Z] > refreshing access token with scopes: ["email","https://www.googleapis.com/auth/cloud-platform","https://www.googleapis.com/auth/cloudplatformprojects.readonly","https://www.googleapis.com/auth/firebase","openid"]
[debug] [2018-07-16T22:22:27.172Z] >>> HTTP REQUEST POST https://www.googleapis.com/oauth2/v3/token  
 { refresh_token: '1/k3NzyRyo9xC-TrtLtXmOm9k8qHRUZKMhjgrjO9GE7bE',
  client_id: '563584335869-fgrhgmd47bqnekij5i8b5pr03ho849e6.apps.googleusercontent.com',
  client_secret: 'j9iVZfS8kkCEFUPaAeJV0sAi',
  grant_type: 'refresh_token',
  scope: 'email https://www.googleapis.com/auth/cloud-platform https://www.googleapis.com/auth/cloudplatformprojects.readonly https://www.googleapis.com/auth/firebase openid' } 
 Mon Jul 16 2018 16:22:27 GMT-0600 (MDT)
[debug] [2018-07-16T22:22:27.418Z] <<< HTTP RESPONSE 200
[debug] [2018-07-16T22:22:27.442Z] >>> HTTP REQUEST GET https://admin.firebase.com/v1/projects/nochat-c4f7d  
  
 Mon Jul 16 2018 16:22:27 GMT-0600 (MDT)
[debug] [2018-07-16T22:22:27.768Z] <<< HTTP RESPONSE 200
[debug] [2018-07-16T22:22:27.769Z] >>> HTTP REQUEST GET https://admin.firebase.com/v1/database/nochat-c4f7d/tokens  
  
 Mon Jul 16 2018 16:22:27 GMT-0600 (MDT)
[debug] [2018-07-16T22:22:28.235Z] <<< HTTP RESPONSE 200
[info] 
[info] === Serving from '/Users/jack/nochat'...
[info] 
[debug] [2018-07-16T22:22:28.239Z] >>> HTTP REQUEST GET https://cloudresourcemanager.googleapis.com/v1/projects/nochat-c4f7d  
  
 Mon Jul 16 2018 16:22:28 GMT-0600 (MDT)
[debug] [2018-07-16T22:22:28.580Z] <<< HTTP RESPONSE 200
[debug] [2018-07-16T22:22:28.581Z] >>> HTTP REQUEST GET https://mobilesdk-pa.googleapis.com/v1/projects/873325420286/clients/_:getWebAppConfig  
  
 Mon Jul 16 2018 16:22:28 GMT-0600 (MDT)
[debug] [2018-07-16T22:22:28.933Z] <<< HTTP RESPONSE 200
[info] i  hosting: Serving hosting files from: public
[info] ✔  hosting: Local server: http://localhost:5000

